<?xml version="1.0" encoding="UTF-8"?>
<!-- Generated by org.testng.reporters.JUnitReportReporter -->
<testsuite hostname="DESKTOP-RS2QM8U" failures="0" tests="2" name="TestPackage.HomePageTestCases" time="3.292" errors="0" timestamp="2025-05-07T15:55:10 IST" skipped="0">
  <testcase classname="TestPackage.HomePageTestCases" name="verifyUserIsAbleToSearchItemWithValidData" time="1.895"/>
  <system-out/>
  <testcase classname="TestPackage.HomePageTestCases" name="verifyUserIsAbleToSearchAllProductsWithIphoneBrandWithDescription" time="1.397"/>
  <system-out/>
</testsuite> <!-- TestPackage.HomePageTestCases -->
