<?xml version="1.0" encoding="UTF-8"?>
<!-- Generated by org.testng.reporters.JUnitReportReporter -->
<testsuite hostname="DESKTOP-RS2QM8U" failures="0" tests="2" name="TestPackage.HomePageTestCases" time="2.215" errors="0" timestamp="2025-05-13T00:44:45 IST" skipped="0">
  <testcase classname="TestPackage.HomePageTestCases" name="verifyUserIsAbleToSearchItemWithValidData" time="0.029"/>
  <system-out/>
  <testcase classname="TestPackage.HomePageTestCases" name="verifyUserIsAbleToSearchAllProductsWithIphoneBrandWithDescription" time="2.186"/>
  <system-out/>
</testsuite> <!-- TestPackage.HomePageTestCases -->
